2020-04-09 16:56:57,803 909    [er-12: Building] WARN  nternal.embedder.EclipseLogger  - Using platform encoding (MS950 actually) to copy filtered resources, i.e. build is platform dependent!
2020-04-09 16:56:57,854 960    [er-12: Building] WARN  nternal.embedder.EclipseLogger  - Using platform encoding (MS950 actually) to copy filtered resources, i.e. build is platform dependent!
2020-04-09 17:02:12,446 315552 [er-21: Building] WARN  nternal.embedder.EclipseLogger  - Using platform encoding (MS950 actually) to copy filtered resources, i.e. build is platform dependent!
2020-04-09 17:02:12,449 315555 [er-21: Building] WARN  nternal.embedder.EclipseLogger  - Using platform encoding (MS950 actually) to copy filtered resources, i.e. build is platform dependent!
2020-04-09 20:54:46,874 25003  [lcome Dashboard] WARN  re.templates.TemplateProcessor  - May have failed to replace token 		//window.ide 'dummy'. Replaced/injected later by STS browser integration.
2020-04-09 20:54:47,160 25289  [lcome Dashboard] WARN  re.templates.TemplateProcessor  - May have failed to replace token 		//The dummy helps preview/test the page in an external browser.
2020-04-09 20:56:21,002 119131 [           main] ERROR al.launch.MavenExternalRuntime  - Could not parse classwords configuration file
java.io.FileNotFoundException: C:\DataSource\apache-maven-3.6.3\bin\m2.conf (系統找不到指定的路徑。)
	at java.io.FileInputStream.open0(Native Method)
	at java.io.FileInputStream.open(Unknown Source)
	at java.io.FileInputStream.<init>(Unknown Source)
	at org.eclipse.m2e.core.internal.launch.MavenExternalRuntime.getVersion0(MavenExternalRuntime.java:233)
	at org.eclipse.m2e.core.internal.launch.MavenExternalRuntime.getVersion(MavenExternalRuntime.java:192)
	at org.eclipse.m2e.core.internal.launch.MavenExternalRuntime.toString(MavenExternalRuntime.java:161)
	at org.eclipse.m2e.core.ui.internal.preferences.launch.MavenInstallationsPreferencePage$RuntimesLabelProvider.getColumnText(MavenInstallationsPreferencePage.java:305)
	at org.eclipse.jface.viewers.TableColumnViewerLabelProvider.update(TableColumnViewerLabelProvider.java:69)
	at org.eclipse.jface.viewers.ViewerColumn.refresh(ViewerColumn.java:144)
	at org.eclipse.jface.viewers.AbstractTableViewer.doUpdateItem(AbstractTableViewer.java:396)
	at org.eclipse.jface.viewers.CheckboxTableViewer.doUpdateItem(CheckboxTableViewer.java:173)
	at org.eclipse.jface.viewers.StructuredViewer$UpdateItemSafeRunnable.run(StructuredViewer.java:422)
	at org.eclipse.core.runtime.SafeRunner.run(SafeRunner.java:45)
	at org.eclipse.ui.internal.JFaceUtil.lambda$0(JFaceUtil.java:47)
	at org.eclipse.jface.util.SafeRunnable.run(SafeRunnable.java:174)
	at org.eclipse.jface.viewers.StructuredViewer.updateItem(StructuredViewer.java:2102)
	at org.eclipse.jface.viewers.AbstractTableViewer.createItem(AbstractTableViewer.java:288)
	at org.eclipse.jface.viewers.AbstractTableViewer.internalRefreshAll(AbstractTableViewer.java:726)
	at org.eclipse.jface.viewers.AbstractTableViewer.internalRefresh(AbstractTableViewer.java:618)
	at org.eclipse.jface.viewers.AbstractTableViewer.internalRefresh(AbstractTableViewer.java:610)
	at org.eclipse.jface.viewers.AbstractTableViewer.lambda$0(AbstractTableViewer.java:572)
	at org.eclipse.jface.viewers.StructuredViewer.preservingSelection(StructuredViewer.java:1393)
	at org.eclipse.jface.viewers.StructuredViewer.preservingSelection(StructuredViewer.java:1354)
	at org.eclipse.jface.viewers.CheckboxTableViewer.preservingSelection(CheckboxTableViewer.java:343)
	at org.eclipse.jface.viewers.AbstractTableViewer.inputChanged(AbstractTableViewer.java:572)
	at org.eclipse.jface.viewers.ContentViewer.setInput(ContentViewer.java:282)
	at org.eclipse.jface.viewers.StructuredViewer.setInput(StructuredViewer.java:1627)
	at org.eclipse.m2e.core.ui.internal.preferences.launch.MavenInstallationsPreferencePage.createContents(MavenInstallationsPreferencePage.java:128)
	at org.eclipse.jface.preference.PreferencePage.createControl(PreferencePage.java:244)
	at org.eclipse.jface.preference.PreferenceDialog.createPageControl(PreferenceDialog.java:1430)
	at org.eclipse.jface.preference.PreferenceDialog$8.run(PreferenceDialog.java:1197)
	at org.eclipse.core.runtime.SafeRunner.run(SafeRunner.java:45)
	at org.eclipse.ui.internal.JFaceUtil.lambda$0(JFaceUtil.java:47)
	at org.eclipse.jface.util.SafeRunnable.run(SafeRunnable.java:174)
	at org.eclipse.jface.preference.PreferenceDialog.showPage(PreferenceDialog.java:1189)
	at org.eclipse.ui.internal.dialogs.FilteredPreferenceDialog.showPage(FilteredPreferenceDialog.java:630)
	at org.eclipse.jface.preference.PreferenceDialog$5.lambda$0(PreferenceDialog.java:661)
	at org.eclipse.swt.custom.BusyIndicator.showWhile(BusyIndicator.java:72)
	at org.eclipse.jface.preference.PreferenceDialog$5.selectionChanged(PreferenceDialog.java:658)
	at org.eclipse.jface.viewers.StructuredViewer$3.run(StructuredViewer.java:818)
	at org.eclipse.core.runtime.SafeRunner.run(SafeRunner.java:45)
	at org.eclipse.ui.internal.JFaceUtil.lambda$0(JFaceUtil.java:47)
	at org.eclipse.jface.util.SafeRunnable.run(SafeRunnable.java:174)
	at org.eclipse.jface.viewers.StructuredViewer.firePostSelectionChanged(StructuredViewer.java:815)
	at org.eclipse.jface.viewers.StructuredViewer.handlePostSelect(StructuredViewer.java:1185)
	at org.eclipse.jface.viewers.StructuredViewer.lambda$0(StructuredViewer.java:1208)
	at org.eclipse.swt.events.SelectionListener$1.widgetSelected(SelectionListener.java:84)
	at org.eclipse.jface.util.OpenStrategy.firePostSelectionEvent(OpenStrategy.java:263)
	at org.eclipse.jface.util.OpenStrategy.access$5(OpenStrategy.java:258)
	at org.eclipse.jface.util.OpenStrategy$1.lambda$1(OpenStrategy.java:428)
	at org.eclipse.swt.widgets.RunnableLock.run(RunnableLock.java:40)
	at org.eclipse.swt.widgets.Synchronizer.runAsyncMessages(Synchronizer.java:185)
	at org.eclipse.swt.widgets.Display.runAsyncMessages(Display.java:3963)
	at org.eclipse.swt.widgets.Display.readAndDispatch(Display.java:3590)
	at org.eclipse.jface.window.Window.runEventLoop(Window.java:823)
	at org.eclipse.jface.window.Window.open(Window.java:799)
	at org.eclipse.ui.internal.OpenPreferencesAction.run(OpenPreferencesAction.java:66)
	at org.eclipse.jface.action.Action.runWithEvent(Action.java:474)
	at org.eclipse.jface.action.ActionContributionItem.handleWidgetSelection(ActionContributionItem.java:579)
	at org.eclipse.jface.action.ActionContributionItem.lambda$4(ActionContributionItem.java:413)
	at org.eclipse.swt.widgets.EventTable.sendEvent(EventTable.java:89)
	at org.eclipse.swt.widgets.Display.sendEvent(Display.java:4175)
	at org.eclipse.swt.widgets.Widget.sendEvent(Widget.java:1057)
	at org.eclipse.swt.widgets.Display.runDeferredEvents(Display.java:3988)
	at org.eclipse.swt.widgets.Display.readAndDispatch(Display.java:3587)
	at org.eclipse.e4.ui.internal.workbench.swt.PartRenderingEngine$5.run(PartRenderingEngine.java:1160)
	at org.eclipse.core.databinding.observable.Realm.runWithDefault(Realm.java:338)
	at org.eclipse.e4.ui.internal.workbench.swt.PartRenderingEngine.run(PartRenderingEngine.java:1049)
	at org.eclipse.e4.ui.internal.workbench.E4Workbench.createAndRunUI(E4Workbench.java:155)
	at org.eclipse.ui.internal.Workbench.lambda$3(Workbench.java:660)
	at org.eclipse.core.databinding.observable.Realm.runWithDefault(Realm.java:338)
	at org.eclipse.ui.internal.Workbench.createAndRunWorkbench(Workbench.java:559)
	at org.eclipse.ui.PlatformUI.createAndRunWorkbench(PlatformUI.java:154)
	at org.eclipse.ui.internal.ide.application.IDEApplication.start(IDEApplication.java:150)
	at org.eclipse.equinox.internal.app.EclipseAppHandle.run(EclipseAppHandle.java:203)
	at org.eclipse.core.runtime.internal.adaptor.EclipseAppLauncher.runApplication(EclipseAppLauncher.java:137)
	at org.eclipse.core.runtime.internal.adaptor.EclipseAppLauncher.start(EclipseAppLauncher.java:107)
	at org.eclipse.core.runtime.adaptor.EclipseStarter.run(EclipseStarter.java:401)
	at org.eclipse.core.runtime.adaptor.EclipseStarter.run(EclipseStarter.java:255)
	at sun.reflect.NativeMethodAccessorImpl.invoke0(Native Method)
	at sun.reflect.NativeMethodAccessorImpl.invoke(Unknown Source)
	at sun.reflect.DelegatingMethodAccessorImpl.invoke(Unknown Source)
	at java.lang.reflect.Method.invoke(Unknown Source)
	at org.eclipse.equinox.launcher.Main.invokeFramework(Main.java:657)
	at org.eclipse.equinox.launcher.Main.basicRun(Main.java:594)
	at org.eclipse.equinox.launcher.Main.run(Main.java:1465)
2020-04-09 20:57:35,660 193789 [           main] ERROR al.launch.MavenExternalRuntime  - Could not parse classwords configuration file
java.io.FileNotFoundException: C:\DataSource\apache-maven-3.6.3\bin\m2.conf (系統找不到指定的路徑。)
	at java.io.FileInputStream.open0(Native Method)
	at java.io.FileInputStream.open(Unknown Source)
	at java.io.FileInputStream.<init>(Unknown Source)
	at org.eclipse.m2e.core.internal.launch.MavenExternalRuntime.getVersion0(MavenExternalRuntime.java:233)
	at org.eclipse.m2e.core.internal.launch.MavenExternalRuntime.getVersion(MavenExternalRuntime.java:192)
	at org.eclipse.m2e.core.internal.launch.MavenExternalRuntime.toString(MavenExternalRuntime.java:161)
	at org.eclipse.m2e.core.ui.internal.preferences.launch.MavenInstallationsPreferencePage$RuntimesLabelProvider.getColumnText(MavenInstallationsPreferencePage.java:305)
	at org.eclipse.jface.viewers.TableColumnViewerLabelProvider.update(TableColumnViewerLabelProvider.java:69)
	at org.eclipse.jface.viewers.ViewerColumn.refresh(ViewerColumn.java:144)
	at org.eclipse.jface.viewers.AbstractTableViewer.doUpdateItem(AbstractTableViewer.java:396)
	at org.eclipse.jface.viewers.CheckboxTableViewer.doUpdateItem(CheckboxTableViewer.java:173)
	at org.eclipse.jface.viewers.StructuredViewer$UpdateItemSafeRunnable.run(StructuredViewer.java:422)
	at org.eclipse.core.runtime.SafeRunner.run(SafeRunner.java:45)
	at org.eclipse.ui.internal.JFaceUtil.lambda$0(JFaceUtil.java:47)
	at org.eclipse.jface.util.SafeRunnable.run(SafeRunnable.java:174)
	at org.eclipse.jface.viewers.StructuredViewer.updateItem(StructuredViewer.java:2102)
	at org.eclipse.jface.viewers.AbstractTableViewer.createItem(AbstractTableViewer.java:288)
	at org.eclipse.jface.viewers.AbstractTableViewer.internalRefreshAll(AbstractTableViewer.java:726)
	at org.eclipse.jface.viewers.AbstractTableViewer.internalRefresh(AbstractTableViewer.java:618)
	at org.eclipse.jface.viewers.AbstractTableViewer.internalRefresh(AbstractTableViewer.java:610)
	at org.eclipse.jface.viewers.AbstractTableViewer.lambda$0(AbstractTableViewer.java:572)
	at org.eclipse.jface.viewers.StructuredViewer.preservingSelection(StructuredViewer.java:1393)
	at org.eclipse.jface.viewers.StructuredViewer.preservingSelection(StructuredViewer.java:1354)
	at org.eclipse.jface.viewers.CheckboxTableViewer.preservingSelection(CheckboxTableViewer.java:343)
	at org.eclipse.jface.viewers.AbstractTableViewer.inputChanged(AbstractTableViewer.java:572)
	at org.eclipse.jface.viewers.ContentViewer.setInput(ContentViewer.java:282)
	at org.eclipse.jface.viewers.StructuredViewer.setInput(StructuredViewer.java:1627)
	at org.eclipse.m2e.core.ui.internal.preferences.launch.MavenInstallationsPreferencePage.createContents(MavenInstallationsPreferencePage.java:128)
	at org.eclipse.jface.preference.PreferencePage.createControl(PreferencePage.java:244)
	at org.eclipse.jface.preference.PreferenceDialog.createPageControl(PreferenceDialog.java:1430)
	at org.eclipse.jface.preference.PreferenceDialog$8.run(PreferenceDialog.java:1197)
	at org.eclipse.core.runtime.SafeRunner.run(SafeRunner.java:45)
	at org.eclipse.ui.internal.JFaceUtil.lambda$0(JFaceUtil.java:47)
	at org.eclipse.jface.util.SafeRunnable.run(SafeRunnable.java:174)
	at org.eclipse.jface.preference.PreferenceDialog.showPage(PreferenceDialog.java:1189)
	at org.eclipse.ui.internal.dialogs.FilteredPreferenceDialog.showPage(FilteredPreferenceDialog.java:630)
	at org.eclipse.jface.preference.PreferenceDialog$5.lambda$0(PreferenceDialog.java:661)
	at org.eclipse.swt.custom.BusyIndicator.showWhile(BusyIndicator.java:72)
	at org.eclipse.jface.preference.PreferenceDialog$5.selectionChanged(PreferenceDialog.java:658)
	at org.eclipse.jface.viewers.StructuredViewer$3.run(StructuredViewer.java:818)
	at org.eclipse.core.runtime.SafeRunner.run(SafeRunner.java:45)
	at org.eclipse.ui.internal.JFaceUtil.lambda$0(JFaceUtil.java:47)
	at org.eclipse.jface.util.SafeRunnable.run(SafeRunnable.java:174)
	at org.eclipse.jface.viewers.StructuredViewer.firePostSelectionChanged(StructuredViewer.java:815)
	at org.eclipse.jface.viewers.StructuredViewer.setSelection(StructuredViewer.java:1656)
	at org.eclipse.jface.viewers.TreeViewer.setSelection(TreeViewer.java:1084)
	at org.eclipse.jface.preference.PreferenceDialog.selectSavedItem(PreferenceDialog.java:991)
	at org.eclipse.ui.internal.dialogs.FilteredPreferenceDialog.selectSavedItem(FilteredPreferenceDialog.java:680)
	at org.eclipse.jface.preference.PreferenceDialog.lambda$0(PreferenceDialog.java:350)
	at org.eclipse.swt.custom.BusyIndicator.showWhile(BusyIndicator.java:72)
	at org.eclipse.jface.preference.PreferenceDialog.createContents(PreferenceDialog.java:347)
	at org.eclipse.jface.window.Window.create(Window.java:431)
	at org.eclipse.jface.dialogs.Dialog.create(Dialog.java:1094)
	at org.eclipse.ui.internal.dialogs.WorkbenchPreferenceDialog.createDialogOn(WorkbenchPreferenceDialog.java:96)
	at org.eclipse.ui.dialogs.PreferencesUtil.createPreferenceDialogOn(PreferencesUtil.java:181)
	at org.eclipse.ui.dialogs.PreferencesUtil.createPreferenceDialogOn(PreferencesUtil.java:115)
	at org.eclipse.ui.internal.OpenPreferencesAction.run(OpenPreferencesAction.java:65)
	at org.eclipse.jface.action.Action.runWithEvent(Action.java:474)
	at org.eclipse.jface.action.ActionContributionItem.handleWidgetSelection(ActionContributionItem.java:579)
	at org.eclipse.jface.action.ActionContributionItem.lambda$4(ActionContributionItem.java:413)
	at org.eclipse.swt.widgets.EventTable.sendEvent(EventTable.java:89)
	at org.eclipse.swt.widgets.Display.sendEvent(Display.java:4175)
	at org.eclipse.swt.widgets.Widget.sendEvent(Widget.java:1057)
	at org.eclipse.swt.widgets.Display.runDeferredEvents(Display.java:3988)
	at org.eclipse.swt.widgets.Display.readAndDispatch(Display.java:3587)
	at org.eclipse.e4.ui.internal.workbench.swt.PartRenderingEngine$5.run(PartRenderingEngine.java:1160)
	at org.eclipse.core.databinding.observable.Realm.runWithDefault(Realm.java:338)
	at org.eclipse.e4.ui.internal.workbench.swt.PartRenderingEngine.run(PartRenderingEngine.java:1049)
	at org.eclipse.e4.ui.internal.workbench.E4Workbench.createAndRunUI(E4Workbench.java:155)
	at org.eclipse.ui.internal.Workbench.lambda$3(Workbench.java:660)
	at org.eclipse.core.databinding.observable.Realm.runWithDefault(Realm.java:338)
	at org.eclipse.ui.internal.Workbench.createAndRunWorkbench(Workbench.java:559)
	at org.eclipse.ui.PlatformUI.createAndRunWorkbench(PlatformUI.java:154)
	at org.eclipse.ui.internal.ide.application.IDEApplication.start(IDEApplication.java:150)
	at org.eclipse.equinox.internal.app.EclipseAppHandle.run(EclipseAppHandle.java:203)
	at org.eclipse.core.runtime.internal.adaptor.EclipseAppLauncher.runApplication(EclipseAppLauncher.java:137)
	at org.eclipse.core.runtime.internal.adaptor.EclipseAppLauncher.start(EclipseAppLauncher.java:107)
	at org.eclipse.core.runtime.adaptor.EclipseStarter.run(EclipseStarter.java:401)
	at org.eclipse.core.runtime.adaptor.EclipseStarter.run(EclipseStarter.java:255)
	at sun.reflect.NativeMethodAccessorImpl.invoke0(Native Method)
	at sun.reflect.NativeMethodAccessorImpl.invoke(Unknown Source)
	at sun.reflect.DelegatingMethodAccessorImpl.invoke(Unknown Source)
	at java.lang.reflect.Method.invoke(Unknown Source)
	at org.eclipse.equinox.launcher.Main.invokeFramework(Main.java:657)
	at org.eclipse.equinox.launcher.Main.basicRun(Main.java:594)
	at org.eclipse.equinox.launcher.Main.run(Main.java:1465)
2020-04-09 21:02:34,865 856    [ker-3: Building] WARN  nternal.embedder.EclipseLogger  - Using platform encoding (MS950 actually) to copy filtered resources, i.e. build is platform dependent!
2020-04-09 21:02:34,915 906    [ker-3: Building] WARN  nternal.embedder.EclipseLogger  - Using platform encoding (MS950 actually) to copy filtered resources, i.e. build is platform dependent!
2020-04-09 21:05:51,225 197216 [ker-6: Building] WARN  nternal.embedder.EclipseLogger  - Using platform encoding (MS950 actually) to copy filtered resources, i.e. build is platform dependent!
2020-04-09 21:05:51,236 197227 [ker-6: Building] WARN  nternal.embedder.EclipseLogger  - Using platform encoding (MS950 actually) to copy filtered resources, i.e. build is platform dependent!
2020-04-09 21:05:51,466 197457 [ker-6: Building] WARN  nternal.embedder.EclipseLogger  - The POM for org.apache.maven.plugins:maven-clean-plugin:jar:2.5 is missing, no dependency information available
2020-04-09 21:05:51,473 197464 [ker-6: Building] WARN  nternal.embedder.EclipseLogger  - Using platform encoding (MS950 actually) to copy filtered resources, i.e. build is platform dependent!
2020-04-09 21:05:56,570 202561 [er-18: Building] WARN  nternal.embedder.EclipseLogger  - Using platform encoding (MS950 actually) to copy filtered resources, i.e. build is platform dependent!
2020-04-09 21:05:56,572 202563 [er-18: Building] WARN  nternal.embedder.EclipseLogger  - Using platform encoding (MS950 actually) to copy filtered resources, i.e. build is platform dependent!
2020-04-09 21:08:05,883 331874 [er-21: Building] WARN  nternal.embedder.EclipseLogger  - Using platform encoding (MS950 actually) to copy filtered resources, i.e. build is platform dependent!
2020-04-09 21:08:05,885 331876 [er-21: Building] WARN  nternal.embedder.EclipseLogger  - Using platform encoding (MS950 actually) to copy filtered resources, i.e. build is platform dependent!
2020-04-09 21:12:36,986 602977 [er-22: Building] WARN  nternal.embedder.EclipseLogger  - Using platform encoding (MS950 actually) to copy filtered resources, i.e. build is platform dependent!
2020-04-09 21:12:36,990 602981 [er-22: Building] WARN  nternal.embedder.EclipseLogger  - Using platform encoding (MS950 actually) to copy filtered resources, i.e. build is platform dependent!
2020-04-09 21:15:00,009 746000 [er-20: Building] WARN  nternal.embedder.EclipseLogger  - Using platform encoding (MS950 actually) to copy filtered resources, i.e. build is platform dependent!
2020-04-09 21:15:00,011 746002 [er-20: Building] WARN  nternal.embedder.EclipseLogger  - Using platform encoding (MS950 actually) to copy filtered resources, i.e. build is platform dependent!
2020-04-09 21:15:13,620 759611 [er-34: Building] WARN  nternal.embedder.EclipseLogger  - Using platform encoding (MS950 actually) to copy filtered resources, i.e. build is platform dependent!
2020-04-09 21:15:13,621 759612 [er-34: Building] WARN  nternal.embedder.EclipseLogger  - Using platform encoding (MS950 actually) to copy filtered resources, i.e. build is platform dependent!
2020-04-09 21:19:00,703 986694 [er-38: Building] WARN  nternal.embedder.EclipseLogger  - Using platform encoding (MS950 actually) to copy filtered resources, i.e. build is platform dependent!
2020-04-09 21:19:00,704 986695 [er-38: Building] WARN  nternal.embedder.EclipseLogger  - Using platform encoding (MS950 actually) to copy filtered resources, i.e. build is platform dependent!
2020-04-09 21:25:19,425 1365416 [er-45: Building] WARN  nternal.embedder.EclipseLogger  - Using platform encoding (MS950 actually) to copy filtered resources, i.e. build is platform dependent!
2020-04-09 21:25:19,427 1365418 [er-45: Building] WARN  nternal.embedder.EclipseLogger  - Using platform encoding (MS950 actually) to copy filtered resources, i.e. build is platform dependent!
2020-04-09 21:25:22,919 1368910 [er-45: Building] WARN  nternal.embedder.EclipseLogger  - Using platform encoding (MS950 actually) to copy filtered resources, i.e. build is platform dependent!
2020-04-09 21:25:22,920 1368911 [er-45: Building] WARN  nternal.embedder.EclipseLogger  - Using platform encoding (MS950 actually) to copy filtered resources, i.e. build is platform dependent!
2020-04-09 21:28:25,041 0      [ker-5: Building] WARN  nternal.embedder.EclipseLogger  - Using platform encoding (MS950 actually) to copy filtered resources, i.e. build is platform dependent!
2020-04-09 21:28:25,074 33     [ker-5: Building] WARN  nternal.embedder.EclipseLogger  - Using platform encoding (MS950 actually) to copy filtered resources, i.e. build is platform dependent!
2020-04-09 21:33:08,942 283901 [er-19: Building] WARN  nternal.embedder.EclipseLogger  - Using platform encoding (MS950 actually) to copy filtered resources, i.e. build is platform dependent!
2020-04-09 21:33:08,950 283909 [er-19: Building] WARN  nternal.embedder.EclipseLogger  - Using platform encoding (MS950 actually) to copy filtered resources, i.e. build is platform dependent!
2020-04-09 21:33:21,406 296365 [er-18: Building] WARN  nternal.embedder.EclipseLogger  - Using platform encoding (MS950 actually) to copy filtered resources, i.e. build is platform dependent!
2020-04-09 21:33:21,408 296367 [er-18: Building] WARN  nternal.embedder.EclipseLogger  - Using platform encoding (MS950 actually) to copy filtered resources, i.e. build is platform dependent!
2020-04-09 21:34:13,917 348876 [er-24: Building] WARN  nternal.embedder.EclipseLogger  - Using platform encoding (MS950 actually) to copy filtered resources, i.e. build is platform dependent!
2020-04-09 21:34:13,921 348880 [er-24: Building] WARN  nternal.embedder.EclipseLogger  - Using platform encoding (MS950 actually) to copy filtered resources, i.e. build is platform dependent!
2020-04-09 21:34:15,150 350109 [er-18: Building] WARN  nternal.embedder.EclipseLogger  - Using platform encoding (MS950 actually) to copy filtered resources, i.e. build is platform dependent!
2020-04-09 21:34:15,151 350110 [er-18: Building] WARN  nternal.embedder.EclipseLogger  - Using platform encoding (MS950 actually) to copy filtered resources, i.e. build is platform dependent!
2020-04-09 22:13:46,480 2721439 [er-32: Building] WARN  nternal.embedder.EclipseLogger  - Using platform encoding (MS950 actually) to copy filtered resources, i.e. build is platform dependent!
2020-04-09 22:13:46,482 2721441 [er-32: Building] WARN  nternal.embedder.EclipseLogger  - Using platform encoding (MS950 actually) to copy filtered resources, i.e. build is platform dependent!
2020-04-09 22:17:50,140 2965099 [er-33: Building] WARN  nternal.embedder.EclipseLogger  - Using platform encoding (MS950 actually) to copy filtered resources, i.e. build is platform dependent!
2020-04-09 22:17:50,142 2965101 [er-33: Building] WARN  nternal.embedder.EclipseLogger  - Using platform encoding (MS950 actually) to copy filtered resources, i.e. build is platform dependent!
2020-04-13 14:15:04,677 36163  [er-18: Building] WARN  nternal.embedder.EclipseLogger  - Using platform encoding (MS950 actually) to copy filtered resources, i.e. build is platform dependent!
2020-04-13 14:15:04,726 36212  [er-18: Building] WARN  nternal.embedder.EclipseLogger  - Using platform encoding (MS950 actually) to copy filtered resources, i.e. build is platform dependent!
2020-04-13 14:15:08,850 40336  [ker-7: Building] WARN  nternal.embedder.EclipseLogger  - Using platform encoding (MS950 actually) to copy filtered resources, i.e. build is platform dependent!
2020-04-13 14:15:08,853 40339  [ker-7: Building] WARN  nternal.embedder.EclipseLogger  - Using platform encoding (MS950 actually) to copy filtered resources, i.e. build is platform dependent!
2020-04-13 14:15:21,317 52803  [er-16: Building] WARN  nternal.embedder.EclipseLogger  - Using platform encoding (MS950 actually) to copy filtered resources, i.e. build is platform dependent!
2020-04-13 14:15:21,319 52805  [er-16: Building] WARN  nternal.embedder.EclipseLogger  - Using platform encoding (MS950 actually) to copy filtered resources, i.e. build is platform dependent!
2020-04-13 14:22:33,705 485191 [ker-5: Building] WARN  nternal.embedder.EclipseLogger  - Using platform encoding (MS950 actually) to copy filtered resources, i.e. build is platform dependent!
2020-04-13 14:22:33,706 485192 [ker-5: Building] WARN  nternal.embedder.EclipseLogger  - Using platform encoding (MS950 actually) to copy filtered resources, i.e. build is platform dependent!
2020-04-13 14:34:11,378 1182864 [er-31: Building] WARN  nternal.embedder.EclipseLogger  - Using platform encoding (MS950 actually) to copy filtered resources, i.e. build is platform dependent!
2020-04-13 14:34:11,381 1182867 [er-31: Building] WARN  nternal.embedder.EclipseLogger  - Using platform encoding (MS950 actually) to copy filtered resources, i.e. build is platform dependent!
2020-04-13 14:34:47,582 1219068 [er-27: Building] WARN  nternal.embedder.EclipseLogger  - Using platform encoding (MS950 actually) to copy filtered resources, i.e. build is platform dependent!
2020-04-13 14:34:47,584 1219070 [er-27: Building] WARN  nternal.embedder.EclipseLogger  - Using platform encoding (MS950 actually) to copy filtered resources, i.e. build is platform dependent!
2020-04-13 14:35:42,801 1274287 [er-30: Building] WARN  nternal.embedder.EclipseLogger  - Using platform encoding (MS950 actually) to copy filtered resources, i.e. build is platform dependent!
2020-04-13 14:35:42,802 1274288 [er-30: Building] WARN  nternal.embedder.EclipseLogger  - Using platform encoding (MS950 actually) to copy filtered resources, i.e. build is platform dependent!
2020-04-13 14:36:40,335 1331821 [er-34: Building] WARN  nternal.embedder.EclipseLogger  - Using platform encoding (MS950 actually) to copy filtered resources, i.e. build is platform dependent!
2020-04-13 14:36:40,338 1331824 [er-34: Building] WARN  nternal.embedder.EclipseLogger  - Using platform encoding (MS950 actually) to copy filtered resources, i.e. build is platform dependent!
2020-04-13 14:41:58,175 1649661 [er-24: Building] WARN  nternal.embedder.EclipseLogger  - Using platform encoding (MS950 actually) to copy filtered resources, i.e. build is platform dependent!
2020-04-13 14:41:58,177 1649663 [er-24: Building] WARN  nternal.embedder.EclipseLogger  - Using platform encoding (MS950 actually) to copy filtered resources, i.e. build is platform dependent!
2020-04-13 14:41:58,183 1649669 [er-24: Building] WARN  nternal.embedder.EclipseLogger  - The POM for org.apache.maven.plugins:maven-clean-plugin:jar:2.5 is missing, no dependency information available
2020-04-13 14:41:58,204 1649690 [er-24: Building] WARN  nternal.embedder.EclipseLogger  - Using platform encoding (MS950 actually) to copy filtered resources, i.e. build is platform dependent!
2020-04-13 14:41:58,864 1650350 [er-31: Building] WARN  nternal.embedder.EclipseLogger  - Using platform encoding (MS950 actually) to copy filtered resources, i.e. build is platform dependent!
2020-04-13 14:41:58,865 1650351 [er-31: Building] WARN  nternal.embedder.EclipseLogger  - Using platform encoding (MS950 actually) to copy filtered resources, i.e. build is platform dependent!
2020-04-13 14:41:58,870 1650356 [er-31: Building] WARN  nternal.embedder.EclipseLogger  - Using platform encoding (MS950 actually) to copy filtered resources, i.e. build is platform dependent!
2020-04-13 14:57:33,411 2584897 [er-50: Building] WARN  nternal.embedder.EclipseLogger  - Using platform encoding (MS950 actually) to copy filtered resources, i.e. build is platform dependent!
2020-04-13 14:57:33,413 2584899 [er-50: Building] WARN  nternal.embedder.EclipseLogger  - Using platform encoding (MS950 actually) to copy filtered resources, i.e. build is platform dependent!
2020-04-13 14:57:34,205 2585691 [er-48: Building] WARN  nternal.embedder.EclipseLogger  - Using platform encoding (MS950 actually) to copy filtered resources, i.e. build is platform dependent!
2020-04-13 14:57:34,206 2585692 [er-48: Building] WARN  nternal.embedder.EclipseLogger  - Using platform encoding (MS950 actually) to copy filtered resources, i.e. build is platform dependent!
2020-04-13 14:57:56,667 2608153 [er-52: Building] WARN  nternal.embedder.EclipseLogger  - Using platform encoding (MS950 actually) to copy filtered resources, i.e. build is platform dependent!
2020-04-13 14:57:56,668 2608154 [er-52: Building] WARN  nternal.embedder.EclipseLogger  - Using platform encoding (MS950 actually) to copy filtered resources, i.e. build is platform dependent!
2020-04-13 14:58:00,800 2612286 [er-41: Building] WARN  nternal.embedder.EclipseLogger  - Using platform encoding (MS950 actually) to copy filtered resources, i.e. build is platform dependent!
2020-04-13 14:58:00,802 2612288 [er-41: Building] WARN  nternal.embedder.EclipseLogger  - Using platform encoding (MS950 actually) to copy filtered resources, i.e. build is platform dependent!
2020-04-13 14:58:01,518 2613004 [er-55: Building] WARN  nternal.embedder.EclipseLogger  - Using platform encoding (MS950 actually) to copy filtered resources, i.e. build is platform dependent!
2020-04-13 14:58:01,519 2613005 [er-55: Building] WARN  nternal.embedder.EclipseLogger  - Using platform encoding (MS950 actually) to copy filtered resources, i.e. build is platform dependent!
2020-04-13 15:13:30,588 3542074 [er-62: Building] WARN  nternal.embedder.EclipseLogger  - Using platform encoding (MS950 actually) to copy filtered resources, i.e. build is platform dependent!
2020-04-13 15:13:30,590 3542076 [er-62: Building] WARN  nternal.embedder.EclipseLogger  - Using platform encoding (MS950 actually) to copy filtered resources, i.e. build is platform dependent!
2020-04-13 15:28:37,405 4448891 [er-74: Building] WARN  nternal.embedder.EclipseLogger  - Using platform encoding (MS950 actually) to copy filtered resources, i.e. build is platform dependent!
2020-04-13 15:28:37,406 4448892 [er-74: Building] WARN  nternal.embedder.EclipseLogger  - Using platform encoding (MS950 actually) to copy filtered resources, i.e. build is platform dependent!
2020-04-13 15:35:58,876 4469   [ker-7: Building] WARN  nternal.embedder.EclipseLogger  - Using platform encoding (MS950 actually) to copy filtered resources, i.e. build is platform dependent!
2020-04-13 15:35:58,906 4499   [ker-7: Building] WARN  nternal.embedder.EclipseLogger  - Using platform encoding (MS950 actually) to copy filtered resources, i.e. build is platform dependent!
2020-04-13 15:36:00,760 6353   [er-14: Building] WARN  nternal.embedder.EclipseLogger  - Using platform encoding (MS950 actually) to copy filtered resources, i.e. build is platform dependent!
2020-04-13 15:36:00,763 6356   [er-14: Building] WARN  nternal.embedder.EclipseLogger  - Using platform encoding (MS950 actually) to copy filtered resources, i.e. build is platform dependent!
2020-04-13 15:38:32,785 158378 [ker-9: Building] WARN  nternal.embedder.EclipseLogger  - Using platform encoding (MS950 actually) to copy filtered resources, i.e. build is platform dependent!
2020-04-13 15:38:32,787 158380 [ker-9: Building] WARN  nternal.embedder.EclipseLogger  - Using platform encoding (MS950 actually) to copy filtered resources, i.e. build is platform dependent!
2020-04-13 15:42:09,900 375493 [er-29: Building] WARN  nternal.embedder.EclipseLogger  - Using platform encoding (MS950 actually) to copy filtered resources, i.e. build is platform dependent!
2020-04-13 15:42:09,902 375495 [er-29: Building] WARN  nternal.embedder.EclipseLogger  - Using platform encoding (MS950 actually) to copy filtered resources, i.e. build is platform dependent!
2020-04-13 15:43:14,483 440076 [er-28: Building] WARN  nternal.embedder.EclipseLogger  - Using platform encoding (MS950 actually) to copy filtered resources, i.e. build is platform dependent!
2020-04-13 15:43:14,485 440078 [er-28: Building] WARN  nternal.embedder.EclipseLogger  - Using platform encoding (MS950 actually) to copy filtered resources, i.e. build is platform dependent!
2020-04-13 15:48:45,391 770984 [er-33: Building] WARN  nternal.embedder.EclipseLogger  - Using platform encoding (MS950 actually) to copy filtered resources, i.e. build is platform dependent!
2020-04-13 15:48:45,394 770987 [er-33: Building] WARN  nternal.embedder.EclipseLogger  - Using platform encoding (MS950 actually) to copy filtered resources, i.e. build is platform dependent!
2020-04-13 16:05:50,749 1796342 [er-42: Building] WARN  nternal.embedder.EclipseLogger  - Using platform encoding (MS950 actually) to copy filtered resources, i.e. build is platform dependent!
2020-04-13 16:05:50,750 1796343 [er-42: Building] WARN  nternal.embedder.EclipseLogger  - Using platform encoding (MS950 actually) to copy filtered resources, i.e. build is platform dependent!
2020-04-13 16:09:48,967 2034560 [er-42: Building] WARN  nternal.embedder.EclipseLogger  - Using platform encoding (MS950 actually) to copy filtered resources, i.e. build is platform dependent!
2020-04-13 16:09:48,972 2034565 [er-42: Building] WARN  nternal.embedder.EclipseLogger  - Using platform encoding (MS950 actually) to copy filtered resources, i.e. build is platform dependent!
2020-04-13 16:10:15,969 2061562 [er-49: Building] WARN  nternal.embedder.EclipseLogger  - Using platform encoding (MS950 actually) to copy filtered resources, i.e. build is platform dependent!
2020-04-13 16:10:15,970 2061563 [er-49: Building] WARN  nternal.embedder.EclipseLogger  - Using platform encoding (MS950 actually) to copy filtered resources, i.e. build is platform dependent!
2020-04-13 16:10:21,807 2067400 [er-47: Building] WARN  nternal.embedder.EclipseLogger  - Using platform encoding (MS950 actually) to copy filtered resources, i.e. build is platform dependent!
2020-04-13 16:10:21,809 2067402 [er-47: Building] WARN  nternal.embedder.EclipseLogger  - Using platform encoding (MS950 actually) to copy filtered resources, i.e. build is platform dependent!
2020-04-13 16:12:05,347 2170940 [er-47: Building] WARN  nternal.embedder.EclipseLogger  - Using platform encoding (MS950 actually) to copy filtered resources, i.e. build is platform dependent!
2020-04-13 16:12:05,348 2170941 [er-47: Building] WARN  nternal.embedder.EclipseLogger  - Using platform encoding (MS950 actually) to copy filtered resources, i.e. build is platform dependent!
2020-04-13 16:12:48,606 2214199 [er-47: Building] WARN  nternal.embedder.EclipseLogger  - Using platform encoding (MS950 actually) to copy filtered resources, i.e. build is platform dependent!
2020-04-13 16:12:48,611 2214204 [er-47: Building] WARN  nternal.embedder.EclipseLogger  - Using platform encoding (MS950 actually) to copy filtered resources, i.e. build is platform dependent!
2020-04-13 16:13:53,541 2279134 [er-47: Building] WARN  nternal.embedder.EclipseLogger  - Using platform encoding (MS950 actually) to copy filtered resources, i.e. build is platform dependent!
2020-04-13 16:13:53,542 2279135 [er-47: Building] WARN  nternal.embedder.EclipseLogger  - Using platform encoding (MS950 actually) to copy filtered resources, i.e. build is platform dependent!
2020-04-13 16:14:04,357 2289950 [er-52: Building] WARN  nternal.embedder.EclipseLogger  - Using platform encoding (MS950 actually) to copy filtered resources, i.e. build is platform dependent!
2020-04-13 16:14:04,359 2289952 [er-52: Building] WARN  nternal.embedder.EclipseLogger  - Using platform encoding (MS950 actually) to copy filtered resources, i.e. build is platform dependent!
2020-04-13 16:17:08,422 2474015 [er-53: Building] WARN  nternal.embedder.EclipseLogger  - Using platform encoding (MS950 actually) to copy filtered resources, i.e. build is platform dependent!
2020-04-13 16:17:08,424 2474017 [er-53: Building] WARN  nternal.embedder.EclipseLogger  - Using platform encoding (MS950 actually) to copy filtered resources, i.e. build is platform dependent!
2020-04-13 16:17:28,927 2494520 [er-52: Building] WARN  nternal.embedder.EclipseLogger  - Using platform encoding (MS950 actually) to copy filtered resources, i.e. build is platform dependent!
2020-04-13 16:17:28,929 2494522 [er-52: Building] WARN  nternal.embedder.EclipseLogger  - Using platform encoding (MS950 actually) to copy filtered resources, i.e. build is platform dependent!
2020-04-13 16:18:32,755 2558348 [er-56: Building] WARN  nternal.embedder.EclipseLogger  - Using platform encoding (MS950 actually) to copy filtered resources, i.e. build is platform dependent!
2020-04-13 16:18:32,757 2558350 [er-56: Building] WARN  nternal.embedder.EclipseLogger  - Using platform encoding (MS950 actually) to copy filtered resources, i.e. build is platform dependent!
2020-04-13 16:18:42,860 2568453 [er-56: Building] WARN  nternal.embedder.EclipseLogger  - Using platform encoding (MS950 actually) to copy filtered resources, i.e. build is platform dependent!
2020-04-13 16:18:42,861 2568454 [er-56: Building] WARN  nternal.embedder.EclipseLogger  - Using platform encoding (MS950 actually) to copy filtered resources, i.e. build is platform dependent!
2020-04-13 16:19:26,475 2612068 [er-57: Building] WARN  nternal.embedder.EclipseLogger  - Using platform encoding (MS950 actually) to copy filtered resources, i.e. build is platform dependent!
2020-04-13 16:19:26,476 2612069 [er-57: Building] WARN  nternal.embedder.EclipseLogger  - Using platform encoding (MS950 actually) to copy filtered resources, i.e. build is platform dependent!
2020-04-13 16:20:05,620 2651213 [er-56: Building] WARN  nternal.embedder.EclipseLogger  - Using platform encoding (MS950 actually) to copy filtered resources, i.e. build is platform dependent!
2020-04-13 16:20:05,622 2651215 [er-56: Building] WARN  nternal.embedder.EclipseLogger  - Using platform encoding (MS950 actually) to copy filtered resources, i.e. build is platform dependent!
2020-04-13 16:20:29,098 2674691 [er-46: Building] WARN  nternal.embedder.EclipseLogger  - Using platform encoding (MS950 actually) to copy filtered resources, i.e. build is platform dependent!
2020-04-13 16:20:29,099 2674692 [er-46: Building] WARN  nternal.embedder.EclipseLogger  - Using platform encoding (MS950 actually) to copy filtered resources, i.e. build is platform dependent!
2020-04-13 16:20:33,686 2679279 [er-56: Building] WARN  nternal.embedder.EclipseLogger  - Using platform encoding (MS950 actually) to copy filtered resources, i.e. build is platform dependent!
2020-04-13 16:20:33,687 2679280 [er-56: Building] WARN  nternal.embedder.EclipseLogger  - Using platform encoding (MS950 actually) to copy filtered resources, i.e. build is platform dependent!
2020-04-13 16:21:36,071 2741664 [er-52: Building] WARN  nternal.embedder.EclipseLogger  - Using platform encoding (MS950 actually) to copy filtered resources, i.e. build is platform dependent!
2020-04-13 16:21:36,072 2741665 [er-52: Building] WARN  nternal.embedder.EclipseLogger  - Using platform encoding (MS950 actually) to copy filtered resources, i.e. build is platform dependent!
2020-04-13 16:21:46,526 2752119 [er-46: Building] WARN  nternal.embedder.EclipseLogger  - Using platform encoding (MS950 actually) to copy filtered resources, i.e. build is platform dependent!
2020-04-13 16:21:46,528 2752121 [er-46: Building] WARN  nternal.embedder.EclipseLogger  - Using platform encoding (MS950 actually) to copy filtered resources, i.e. build is platform dependent!
2020-04-13 16:21:53,825 2759418 [er-58: Building] WARN  nternal.embedder.EclipseLogger  - Using platform encoding (MS950 actually) to copy filtered resources, i.e. build is platform dependent!
2020-04-13 16:21:53,826 2759419 [er-58: Building] WARN  nternal.embedder.EclipseLogger  - Using platform encoding (MS950 actually) to copy filtered resources, i.e. build is platform dependent!
2020-04-13 16:21:58,933 2764526 [er-46: Building] WARN  nternal.embedder.EclipseLogger  - Using platform encoding (MS950 actually) to copy filtered resources, i.e. build is platform dependent!
2020-04-13 16:21:58,933 2764526 [er-46: Building] WARN  nternal.embedder.EclipseLogger  - Using platform encoding (MS950 actually) to copy filtered resources, i.e. build is platform dependent!
2020-04-13 16:22:12,204 2777797 [er-52: Building] WARN  nternal.embedder.EclipseLogger  - Using platform encoding (MS950 actually) to copy filtered resources, i.e. build is platform dependent!
2020-04-13 16:22:12,206 2777799 [er-52: Building] WARN  nternal.embedder.EclipseLogger  - Using platform encoding (MS950 actually) to copy filtered resources, i.e. build is platform dependent!
2020-04-13 16:22:18,708 2784301 [er-57: Building] WARN  nternal.embedder.EclipseLogger  - Using platform encoding (MS950 actually) to copy filtered resources, i.e. build is platform dependent!
2020-04-13 16:22:18,709 2784302 [er-57: Building] WARN  nternal.embedder.EclipseLogger  - Using platform encoding (MS950 actually) to copy filtered resources, i.e. build is platform dependent!
2020-04-13 16:22:59,046 2824639 [er-56: Building] WARN  nternal.embedder.EclipseLogger  - Using platform encoding (MS950 actually) to copy filtered resources, i.e. build is platform dependent!
2020-04-13 16:22:59,046 2824639 [er-56: Building] WARN  nternal.embedder.EclipseLogger  - Using platform encoding (MS950 actually) to copy filtered resources, i.e. build is platform dependent!
2020-04-13 16:23:03,929 2829522 [er-57: Building] WARN  nternal.embedder.EclipseLogger  - Using platform encoding (MS950 actually) to copy filtered resources, i.e. build is platform dependent!
2020-04-13 16:23:03,930 2829523 [er-57: Building] WARN  nternal.embedder.EclipseLogger  - Using platform encoding (MS950 actually) to copy filtered resources, i.e. build is platform dependent!
2020-04-13 16:26:24,956 3030549 [er-57: Building] WARN  nternal.embedder.EclipseLogger  - Using platform encoding (MS950 actually) to copy filtered resources, i.e. build is platform dependent!
2020-04-13 16:26:24,958 3030551 [er-57: Building] WARN  nternal.embedder.EclipseLogger  - Using platform encoding (MS950 actually) to copy filtered resources, i.e. build is platform dependent!
2020-04-13 16:31:39,115 3344708 [er-57: Building] WARN  nternal.embedder.EclipseLogger  - Using platform encoding (MS950 actually) to copy filtered resources, i.e. build is platform dependent!
2020-04-13 16:31:39,117 3344710 [er-57: Building] WARN  nternal.embedder.EclipseLogger  - Using platform encoding (MS950 actually) to copy filtered resources, i.e. build is platform dependent!
2020-04-13 16:32:09,524 3375117 [er-63: Building] WARN  nternal.embedder.EclipseLogger  - Using platform encoding (MS950 actually) to copy filtered resources, i.e. build is platform dependent!
2020-04-13 16:32:09,525 3375118 [er-63: Building] WARN  nternal.embedder.EclipseLogger  - Using platform encoding (MS950 actually) to copy filtered resources, i.e. build is platform dependent!
2020-04-13 16:32:45,948 3411541 [er-64: Building] WARN  nternal.embedder.EclipseLogger  - Using platform encoding (MS950 actually) to copy filtered resources, i.e. build is platform dependent!
2020-04-13 16:32:45,950 3411543 [er-64: Building] WARN  nternal.embedder.EclipseLogger  - Using platform encoding (MS950 actually) to copy filtered resources, i.e. build is platform dependent!
2020-04-13 16:36:55,175 3660768 [er-53: Building] WARN  nternal.embedder.EclipseLogger  - Using platform encoding (MS950 actually) to copy filtered resources, i.e. build is platform dependent!
2020-04-13 16:36:55,176 3660769 [er-53: Building] WARN  nternal.embedder.EclipseLogger  - Using platform encoding (MS950 actually) to copy filtered resources, i.e. build is platform dependent!
2020-04-13 16:37:11,883 3677476 [er-53: Building] WARN  nternal.embedder.EclipseLogger  - Using platform encoding (MS950 actually) to copy filtered resources, i.e. build is platform dependent!
2020-04-13 16:37:11,884 3677477 [er-53: Building] WARN  nternal.embedder.EclipseLogger  - Using platform encoding (MS950 actually) to copy filtered resources, i.e. build is platform dependent!
